d:\githubrepositorys\assessment2\checkers\opengl\release\vc120.pdb
d:\githubrepositorys\assessment2\checkers\opengl\release\main.obj
d:\githubrepositorys\assessment2\checkers\opengl\release\gui_bar.obj
d:\githubrepositorys\assessment2\checkers\opengl\release\camera.obj
d:\githubrepositorys\assessment2\checkers\opengl\release\shaderloader.obj
d:\githubrepositorys\assessment2\checkers\opengl\release\playstate.obj
d:\githubrepositorys\assessment2\checkers\opengl\release\networking.obj
d:\githubrepositorys\assessment2\checkers\opengl\release\checker.obj
d:\githubrepositorys\assessment2\checkers\opengl\release\boardpieces.obj
d:\githubrepositorys\assessment2\checkers\opengl\release\board.obj
d:\githubrepositorys\assessment2\checkers\opengl\release\application.obj
d:\githubrepositorys\assessment2\checkers\opengl\release\gizmos.obj
d:\githubrepositorys\assessment2\checkers\opengl\release\gl_core_4_4.obj
d:\githubrepositorys\assessment2\checkers\release\opengl.exe
d:\githubrepositorys\assessment2\checkers\release\opengl.pdb
d:\githubrepositorys\assessment2\checkers\opengl\release\opengl.tlog\cl.command.1.tlog
d:\githubrepositorys\assessment2\checkers\opengl\release\opengl.tlog\cl.read.1.tlog
d:\githubrepositorys\assessment2\checkers\opengl\release\opengl.tlog\cl.write.1.tlog
d:\githubrepositorys\assessment2\checkers\opengl\release\opengl.tlog\link.command.1.tlog
d:\githubrepositorys\assessment2\checkers\opengl\release\opengl.tlog\link.read.1.tlog
d:\githubrepositorys\assessment2\checkers\opengl\release\opengl.tlog\link.write.1.tlog
