C:\USERS\TOMMAS.SOLARINO\DESKTOP\CHECKERS\CHECKERS\OPENGL\DEBUG\GIZMOS_FIX.OBJ
C:\USERS\TOMMAS.SOLARINO\DESKTOP\CHECKERS\CHECKERS\OPENGL\DEBUG\APPLICATION.OBJ
C:\USERS\TOMMAS.SOLARINO\DESKTOP\CHECKERS\CHECKERS\OPENGL\DEBUG\BOARDPIECES.OBJ
C:\USERS\TOMMAS.SOLARINO\DESKTOP\CHECKERS\CHECKERS\OPENGL\DEBUG\SHADERLOADER.OBJ
C:\USERS\TOMMAS.SOLARINO\DESKTOP\CHECKERS\CHECKERS\OPENGL\DEBUG\CAMERA.OBJ
C:\USERS\TOMMAS.SOLARINO\DESKTOP\CHECKERS\CHECKERS\OPENGL\DEBUG\FBX_LOADER.OBJ
C:\USERS\TOMMAS.SOLARINO\DESKTOP\CHECKERS\CHECKERS\OPENGL\DEBUG\GUI_BAR.OBJ
C:\USERS\TOMMAS.SOLARINO\DESKTOP\CHECKERS\CHECKERS\OPENGL\DEBUG\MAIN.OBJ
C:\USERS\TOMMAS.SOLARINO\DESKTOP\CHECKERS\CHECKERS\OPENGL\DEBUG\VC110.PDB
C:\USERS\TOMMAS.SOLARINO\DESKTOP\CHECKERS\CHECKERS\OPENGL\DEBUG\PLAYSTATE.OBJ
C:\USERS\TOMMAS.SOLARINO\DESKTOP\CHECKERS\CHECKERS\OPENGL\DEBUG\GL_CORE_4_4.OBJ
C:\USERS\TOMMAS.SOLARINO\DESKTOP\CHECKERS\CHECKERS\OPENGL\DEBUG\CHECKER.OBJ
C:\USERS\TOMMAS.SOLARINO\DESKTOP\CHECKERS\CHECKERS\OPENGL\DEBUG\BOARD.OBJ
C:\USERS\TOMMAS.SOLARINO\DESKTOP\CHECKERS\CHECKERS\DEBUG\OPENGL.ILK
C:\USERS\TOMMAS.SOLARINO\DESKTOP\CHECKERS\CHECKERS\DEBUG\OPENGL.EXE
C:\USERS\TOMMAS.SOLARINO\DESKTOP\CHECKERS\CHECKERS\DEBUG\OPENGL.PDB
C:\Users\tommas.solarino\Documents\Task2\Checkers\Checkers\OpenGL\Debug\Application.obj
C:\Users\tommas.solarino\Documents\Task2\Checkers\Checkers\OpenGL\Debug\Board.obj
C:\Users\tommas.solarino\Documents\Task2\Checkers\Checkers\OpenGL\Debug\BoardPieces.obj
C:\Users\tommas.solarino\Documents\Task2\Checkers\Checkers\OpenGL\Debug\Camera.obj
C:\Users\tommas.solarino\Documents\Task2\Checkers\Checkers\OpenGL\Debug\Checker.obj
C:\Users\tommas.solarino\Documents\Task2\Checkers\Checkers\OpenGL\Debug\FBX_Loader.obj
C:\Users\tommas.solarino\Documents\Task2\Checkers\Checkers\OpenGL\Debug\Gizmos_fix.obj
C:\Users\tommas.solarino\Documents\Task2\Checkers\Checkers\OpenGL\Debug\gl_core_4_4.obj
C:\Users\tommas.solarino\Documents\Task2\Checkers\Checkers\OpenGL\Debug\GUI_Bar.obj
C:\Users\tommas.solarino\Documents\Task2\Checkers\Checkers\OpenGL\Debug\Main.obj
C:\Users\tommas.solarino\Documents\Task2\Checkers\Checkers\OpenGL\Debug\PlayState.obj
C:\Users\tommas.solarino\Documents\Task2\Checkers\Checkers\OpenGL\Debug\ShaderLoader.obj
C:\Users\tommas.solarino\Documents\Task2\Checkers\Checkers\OpenGL\Debug\cl.command.1.tlog
C:\Users\tommas.solarino\Documents\Task2\Checkers\Checkers\OpenGL\Debug\CL.read.1.tlog
C:\Users\tommas.solarino\Documents\Task2\Checkers\Checkers\OpenGL\Debug\CL.write.1.tlog
C:\Users\tommas.solarino\Documents\Task2\Checkers\Checkers\OpenGL\Debug\link-cvtres.read.1.tlog
C:\Users\tommas.solarino\Documents\Task2\Checkers\Checkers\OpenGL\Debug\link-cvtres.write.1.tlog
C:\Users\tommas.solarino\Documents\Task2\Checkers\Checkers\OpenGL\Debug\link-rc.read.1.tlog
C:\Users\tommas.solarino\Documents\Task2\Checkers\Checkers\OpenGL\Debug\link-rc.write.1.tlog
C:\Users\tommas.solarino\Documents\Task2\Checkers\Checkers\OpenGL\Debug\link.2308-cvtres.read.1.tlog
C:\Users\tommas.solarino\Documents\Task2\Checkers\Checkers\OpenGL\Debug\link.2308-cvtres.write.1.tlog
C:\Users\tommas.solarino\Documents\Task2\Checkers\Checkers\OpenGL\Debug\link.2308-rc.read.1.tlog
C:\Users\tommas.solarino\Documents\Task2\Checkers\Checkers\OpenGL\Debug\link.2308-rc.write.1.tlog
C:\Users\tommas.solarino\Documents\Task2\Checkers\Checkers\OpenGL\Debug\link.2308.read.1.tlog
C:\Users\tommas.solarino\Documents\Task2\Checkers\Checkers\OpenGL\Debug\link.2308.write.1.tlog
C:\Users\tommas.solarino\Documents\Task2\Checkers\Checkers\OpenGL\Debug\link.3540-cvtres.read.1.tlog
C:\Users\tommas.solarino\Documents\Task2\Checkers\Checkers\OpenGL\Debug\link.3540-cvtres.write.1.tlog
C:\Users\tommas.solarino\Documents\Task2\Checkers\Checkers\OpenGL\Debug\link.3540-rc.read.1.tlog
C:\Users\tommas.solarino\Documents\Task2\Checkers\Checkers\OpenGL\Debug\link.3540-rc.write.1.tlog
C:\Users\tommas.solarino\Documents\Task2\Checkers\Checkers\OpenGL\Debug\link.3540.read.1.tlog
C:\Users\tommas.solarino\Documents\Task2\Checkers\Checkers\OpenGL\Debug\link.3540.write.1.tlog
C:\Users\tommas.solarino\Documents\Task2\Checkers\Checkers\OpenGL\Debug\link.4132-cvtres.read.1.tlog
C:\Users\tommas.solarino\Documents\Task2\Checkers\Checkers\OpenGL\Debug\link.4132-cvtres.write.1.tlog
C:\Users\tommas.solarino\Documents\Task2\Checkers\Checkers\OpenGL\Debug\link.4132-rc.read.1.tlog
C:\Users\tommas.solarino\Documents\Task2\Checkers\Checkers\OpenGL\Debug\link.4132-rc.write.1.tlog
C:\Users\tommas.solarino\Documents\Task2\Checkers\Checkers\OpenGL\Debug\link.4132.read.1.tlog
C:\Users\tommas.solarino\Documents\Task2\Checkers\Checkers\OpenGL\Debug\link.4132.write.1.tlog
C:\Users\tommas.solarino\Documents\Task2\Checkers\Checkers\OpenGL\Debug\link.4540-cvtres.read.1.tlog
C:\Users\tommas.solarino\Documents\Task2\Checkers\Checkers\OpenGL\Debug\link.4540-cvtres.write.1.tlog
C:\Users\tommas.solarino\Documents\Task2\Checkers\Checkers\OpenGL\Debug\link.4540-rc.read.1.tlog
C:\Users\tommas.solarino\Documents\Task2\Checkers\Checkers\OpenGL\Debug\link.4540-rc.write.1.tlog
C:\Users\tommas.solarino\Documents\Task2\Checkers\Checkers\OpenGL\Debug\link.4540.read.1.tlog
C:\Users\tommas.solarino\Documents\Task2\Checkers\Checkers\OpenGL\Debug\link.4540.write.1.tlog
C:\Users\tommas.solarino\Documents\Task2\Checkers\Checkers\OpenGL\Debug\link.4704-cvtres.read.1.tlog
C:\Users\tommas.solarino\Documents\Task2\Checkers\Checkers\OpenGL\Debug\link.4704-cvtres.write.1.tlog
C:\Users\tommas.solarino\Documents\Task2\Checkers\Checkers\OpenGL\Debug\link.4704-rc.read.1.tlog
C:\Users\tommas.solarino\Documents\Task2\Checkers\Checkers\OpenGL\Debug\link.4704-rc.write.1.tlog
C:\Users\tommas.solarino\Documents\Task2\Checkers\Checkers\OpenGL\Debug\link.4704.read.1.tlog
C:\Users\tommas.solarino\Documents\Task2\Checkers\Checkers\OpenGL\Debug\link.4704.write.1.tlog
C:\Users\tommas.solarino\Documents\Task2\Checkers\Checkers\OpenGL\Debug\link.5116-cvtres.read.1.tlog
C:\Users\tommas.solarino\Documents\Task2\Checkers\Checkers\OpenGL\Debug\link.5116-cvtres.write.1.tlog
C:\Users\tommas.solarino\Documents\Task2\Checkers\Checkers\OpenGL\Debug\link.5116-rc.read.1.tlog
C:\Users\tommas.solarino\Documents\Task2\Checkers\Checkers\OpenGL\Debug\link.5116-rc.write.1.tlog
C:\Users\tommas.solarino\Documents\Task2\Checkers\Checkers\OpenGL\Debug\link.5116.read.1.tlog
C:\Users\tommas.solarino\Documents\Task2\Checkers\Checkers\OpenGL\Debug\link.5116.write.1.tlog
C:\Users\tommas.solarino\Documents\Task2\Checkers\Checkers\OpenGL\Debug\link.5216-cvtres.read.1.tlog
C:\Users\tommas.solarino\Documents\Task2\Checkers\Checkers\OpenGL\Debug\link.5216-cvtres.write.1.tlog
C:\Users\tommas.solarino\Documents\Task2\Checkers\Checkers\OpenGL\Debug\link.5216-rc.read.1.tlog
C:\Users\tommas.solarino\Documents\Task2\Checkers\Checkers\OpenGL\Debug\link.5216-rc.write.1.tlog
C:\Users\tommas.solarino\Documents\Task2\Checkers\Checkers\OpenGL\Debug\link.5216.read.1.tlog
C:\Users\tommas.solarino\Documents\Task2\Checkers\Checkers\OpenGL\Debug\link.5216.write.1.tlog
C:\Users\tommas.solarino\Documents\Task2\Checkers\Checkers\OpenGL\Debug\link.5356-cvtres.read.1.tlog
C:\Users\tommas.solarino\Documents\Task2\Checkers\Checkers\OpenGL\Debug\link.5356-cvtres.write.1.tlog
C:\Users\tommas.solarino\Documents\Task2\Checkers\Checkers\OpenGL\Debug\link.5356-rc.read.1.tlog
C:\Users\tommas.solarino\Documents\Task2\Checkers\Checkers\OpenGL\Debug\link.5356-rc.write.1.tlog
C:\Users\tommas.solarino\Documents\Task2\Checkers\Checkers\OpenGL\Debug\link.5356.read.1.tlog
C:\Users\tommas.solarino\Documents\Task2\Checkers\Checkers\OpenGL\Debug\link.5356.write.1.tlog
C:\Users\tommas.solarino\Documents\Task2\Checkers\Checkers\OpenGL\Debug\link.5440-cvtres.read.1.tlog
C:\Users\tommas.solarino\Documents\Task2\Checkers\Checkers\OpenGL\Debug\link.5440-cvtres.write.1.tlog
C:\Users\tommas.solarino\Documents\Task2\Checkers\Checkers\OpenGL\Debug\link.5440-rc.read.1.tlog
C:\Users\tommas.solarino\Documents\Task2\Checkers\Checkers\OpenGL\Debug\link.5440-rc.write.1.tlog
C:\Users\tommas.solarino\Documents\Task2\Checkers\Checkers\OpenGL\Debug\link.5440.read.1.tlog
C:\Users\tommas.solarino\Documents\Task2\Checkers\Checkers\OpenGL\Debug\link.5440.write.1.tlog
C:\Users\tommas.solarino\Documents\Task2\Checkers\Checkers\OpenGL\Debug\link.5784-cvtres.read.1.tlog
C:\Users\tommas.solarino\Documents\Task2\Checkers\Checkers\OpenGL\Debug\link.5784-cvtres.write.1.tlog
C:\Users\tommas.solarino\Documents\Task2\Checkers\Checkers\OpenGL\Debug\link.5784-rc.read.1.tlog
C:\Users\tommas.solarino\Documents\Task2\Checkers\Checkers\OpenGL\Debug\link.5784-rc.write.1.tlog
C:\Users\tommas.solarino\Documents\Task2\Checkers\Checkers\OpenGL\Debug\link.5784.read.1.tlog
C:\Users\tommas.solarino\Documents\Task2\Checkers\Checkers\OpenGL\Debug\link.5784.write.1.tlog
C:\Users\tommas.solarino\Documents\Task2\Checkers\Checkers\OpenGL\Debug\link.6008-cvtres.read.1.tlog
C:\Users\tommas.solarino\Documents\Task2\Checkers\Checkers\OpenGL\Debug\link.6008-cvtres.write.1.tlog
C:\Users\tommas.solarino\Documents\Task2\Checkers\Checkers\OpenGL\Debug\link.6008-rc.read.1.tlog
C:\Users\tommas.solarino\Documents\Task2\Checkers\Checkers\OpenGL\Debug\link.6008-rc.write.1.tlog
C:\Users\tommas.solarino\Documents\Task2\Checkers\Checkers\OpenGL\Debug\link.6008.read.1.tlog
C:\Users\tommas.solarino\Documents\Task2\Checkers\Checkers\OpenGL\Debug\link.6008.write.1.tlog
C:\Users\tommas.solarino\Documents\Task2\Checkers\Checkers\OpenGL\Debug\link.6076-cvtres.read.1.tlog
C:\Users\tommas.solarino\Documents\Task2\Checkers\Checkers\OpenGL\Debug\link.6076-cvtres.write.1.tlog
C:\Users\tommas.solarino\Documents\Task2\Checkers\Checkers\OpenGL\Debug\link.6076-rc.read.1.tlog
C:\Users\tommas.solarino\Documents\Task2\Checkers\Checkers\OpenGL\Debug\link.6076-rc.write.1.tlog
C:\Users\tommas.solarino\Documents\Task2\Checkers\Checkers\OpenGL\Debug\link.6076.read.1.tlog
C:\Users\tommas.solarino\Documents\Task2\Checkers\Checkers\OpenGL\Debug\link.6076.write.1.tlog
C:\Users\tommas.solarino\Documents\Task2\Checkers\Checkers\OpenGL\Debug\link.6108-cvtres.read.1.tlog
C:\Users\tommas.solarino\Documents\Task2\Checkers\Checkers\OpenGL\Debug\link.6108-cvtres.write.1.tlog
C:\Users\tommas.solarino\Documents\Task2\Checkers\Checkers\OpenGL\Debug\link.6108-rc.read.1.tlog
C:\Users\tommas.solarino\Documents\Task2\Checkers\Checkers\OpenGL\Debug\link.6108-rc.write.1.tlog
C:\Users\tommas.solarino\Documents\Task2\Checkers\Checkers\OpenGL\Debug\link.6108.read.1.tlog
C:\Users\tommas.solarino\Documents\Task2\Checkers\Checkers\OpenGL\Debug\link.6108.write.1.tlog
C:\Users\tommas.solarino\Documents\Task2\Checkers\Checkers\OpenGL\Debug\link.6116-cvtres.read.1.tlog
C:\Users\tommas.solarino\Documents\Task2\Checkers\Checkers\OpenGL\Debug\link.6116-cvtres.write.1.tlog
C:\Users\tommas.solarino\Documents\Task2\Checkers\Checkers\OpenGL\Debug\link.6116-rc.read.1.tlog
C:\Users\tommas.solarino\Documents\Task2\Checkers\Checkers\OpenGL\Debug\link.6116-rc.write.1.tlog
C:\Users\tommas.solarino\Documents\Task2\Checkers\Checkers\OpenGL\Debug\link.6116.read.1.tlog
C:\Users\tommas.solarino\Documents\Task2\Checkers\Checkers\OpenGL\Debug\link.6116.write.1.tlog
C:\Users\tommas.solarino\Documents\Task2\Checkers\Checkers\OpenGL\Debug\link.804-cvtres.read.1.tlog
C:\Users\tommas.solarino\Documents\Task2\Checkers\Checkers\OpenGL\Debug\link.804-cvtres.write.1.tlog
C:\Users\tommas.solarino\Documents\Task2\Checkers\Checkers\OpenGL\Debug\link.804-rc.read.1.tlog
C:\Users\tommas.solarino\Documents\Task2\Checkers\Checkers\OpenGL\Debug\link.804-rc.write.1.tlog
C:\Users\tommas.solarino\Documents\Task2\Checkers\Checkers\OpenGL\Debug\link.804.read.1.tlog
C:\Users\tommas.solarino\Documents\Task2\Checkers\Checkers\OpenGL\Debug\link.804.write.1.tlog
C:\Users\tommas.solarino\Documents\Task2\Checkers\Checkers\OpenGL\Debug\link.872-cvtres.read.1.tlog
C:\Users\tommas.solarino\Documents\Task2\Checkers\Checkers\OpenGL\Debug\link.872-cvtres.write.1.tlog
C:\Users\tommas.solarino\Documents\Task2\Checkers\Checkers\OpenGL\Debug\link.872-rc.read.1.tlog
C:\Users\tommas.solarino\Documents\Task2\Checkers\Checkers\OpenGL\Debug\link.872-rc.write.1.tlog
C:\Users\tommas.solarino\Documents\Task2\Checkers\Checkers\OpenGL\Debug\link.872.read.1.tlog
C:\Users\tommas.solarino\Documents\Task2\Checkers\Checkers\OpenGL\Debug\link.872.write.1.tlog
C:\Users\tommas.solarino\Documents\Task2\Checkers\Checkers\OpenGL\Debug\link.command.1.tlog
C:\Users\tommas.solarino\Documents\Task2\Checkers\Checkers\OpenGL\Debug\link.read.1.tlog
C:\Users\tommas.solarino\Documents\Task2\Checkers\Checkers\OpenGL\Debug\link.write.1.tlog
C:\Users\tommas.solarino\Documents\Task2\Checkers\Checkers\OpenGL\Debug\vc110.idb
C:\Users\tommas.solarino\Documents\Task2\Checkers\Checkers\OpenGL\Debug\vc110.pdb
C:\Users\tommas.solarino\Documents\Task2\Checkers\Checkers\Debug\OpenGL.pdb
C:\Users\tommas.solarino\Documents\Task2\Checkers\Checkers\Debug\OpenGL.exe
C:\Users\tommas.solarino\Documents\Task2\Checkers\Checkers\Debug\OpenGL.ilk
